0 info it worked if it ends with ok
1 verbose cli [ 'C:\\MyDevCenter\\nodejs\\\\node.exe',
1 verbose cli   'C:\\MyDevCenter\\nodejs\\node_modules\\npm\\bin\\npm-cli.js',
1 verbose cli   'install',
1 verbose cli   'angular' ]
2 info using npm@2.5.1
3 info using node@v0.12.1
4 verbose node symlink C:\MyDevCenter\nodejs\\node.exe
5 warn package.json bmw_colleague_rewards@1.0.0 No repository field.
6 warn package.json bmw_colleague_rewards@1.0.0 No README data
7 silly cache add args [ 'angular', null ]
8 verbose cache add spec angular
9 silly cache add parsed spec { raw: 'angular',
9 silly cache add   scope: null,
9 silly cache add   name: 'angular',
9 silly cache add   rawSpec: '',
9 silly cache add   spec: '*',
9 silly cache add   type: 'range' }
10 verbose addNamed angular@*
11 silly addNamed semver.valid null
12 silly addNamed semver.validRange *
13 silly addNameRange { name: 'angular', range: '*', hasData: false }
14 silly mapToRegistry name angular
15 silly mapToRegistry using default registry
16 silly mapToRegistry registry http://registry.npmjs.org/
17 silly mapToRegistry uri http://registry.npmjs.org/angular
18 verbose addNameRange registry:http://registry.npmjs.org/angular not in flight; fetching
19 verbose request uri http://registry.npmjs.org/angular
20 verbose request no auth needed
21 info attempt registry request try #1 at 11:50:09 AM
22 verbose request id 114c801d1dc02896
23 http request GET http://registry.npmjs.org/angular
24 info retry will retry, error on last attempt: Error: getaddrinfo ENOTFOUND registry.npmjs.org
25 info attempt registry request try #2 at 11:50:19 AM
26 http request GET http://registry.npmjs.org/angular
27 info retry will retry, error on last attempt: Error: getaddrinfo ENOTFOUND registry.npmjs.org
28 info attempt registry request try #3 at 11:51:19 AM
29 http request GET http://registry.npmjs.org/angular
30 verbose stack Error: getaddrinfo ENOTFOUND registry.npmjs.org
30 verbose stack     at errnoException (dns.js:44:10)
30 verbose stack     at GetAddrInfoReqWrap.onlookup [as oncomplete] (dns.js:94:26)
31 verbose cwd c:\MyDevCenter\xampp\htdocs\apps\BMW_Colleague_Rewards
32 error Windows_NT 6.3.9600
33 error argv "C:\\MyDevCenter\\nodejs\\\\node.exe" "C:\\MyDevCenter\\nodejs\\node_modules\\npm\\bin\\npm-cli.js" "install" "angular"
34 error node v0.12.1
35 error npm  v2.5.1
36 error code ENOTFOUND
37 error errno ENOTFOUND
38 error syscall getaddrinfo
39 error network getaddrinfo ENOTFOUND registry.npmjs.org
39 error network This is most likely not a problem with npm itself
39 error network and is related to network connectivity.
39 error network In most cases you are behind a proxy or have bad network settings.
39 error network
39 error network If you are behind a proxy, please make sure that the
39 error network 'proxy' config is set properly.  See: 'npm help config'
40 verbose exit [ 1, true ]
